app/build/intermediates/manifest_merge_blame_file/debug/processDebugMainManifest/manifest-merger-blame-debug-report.txt
1<?xml version="1.0" encoding="utf-8"?>
2<manifest xmlns:android="http://schemas.android.com/apk/res/android"
3    package="com.sholattracker.app"
4    android:versionCode="1"
5    android:versionName="1.0" >
6
7    <uses-sdk
8        android:minSdkVersion="26"
9        android:targetSdkVersion="34" />
10
11    <uses-permission android:name="android.permission.POST_NOTIFICATIONS" />
11-->src\main\AndroidManifest.xml:4:5-77
11-->src\main\AndroidManifest.xml:4:22-74
12    <uses-permission android:name="android.permission.RECEIVE_BOOT_COMPLETED" />
12-->src\main\AndroidManifest.xml:5:5-81
12-->src\main\AndroidManifest.xml:5:22-78
13    <uses-permission android:name="android.permission.SCHEDULE_EXACT_ALARM" />
13-->src\main\AndroidManifest.xml:6:5-79
13-->src\main\AndroidManifest.xml:6:22-76
14    <uses-permission android:name="android.permission.USE_EXACT_ALARM" />
14-->src\main\AndroidManifest.xml:7:5-74
14-->src\main\AndroidManifest.xml:7:22-71
15    <uses-permission
15-->src\main\AndroidManifest.xml:8:5-9:38
16        android:name="android.permission.WRITE_EXTERNAL_STORAGE"
16-->src\main\AndroidManifest.xml:8:22-78
17        android:maxSdkVersion="28" />
17-->src\main\AndroidManifest.xml:9:9-35
18    <uses-permission android:name="android.permission.WAKE_LOCK" />
18-->[androidx.work:work-runtime:2.9.0] AndroidManifest.xml:23:5-68
18-->[androidx.work:work-runtime:2.9.0] AndroidManifest.xml:23:22-65
19    <uses-permission android:name="android.permission.ACCESS_NETWORK_STATE" />
19-->[androidx.work:work-runtime:2.9.0] AndroidManifest.xml:24:5-79
19-->[androidx.work:work-runtime:2.9.0] AndroidManifest.xml:24:22-76
20    <uses-permission android:name="android.permission.FOREGROUND_SERVICE" />
20-->[androidx.work:work-runtime:2.9.0] AndroidManifest.xml:26:5-77
20-->[androidx.work:work-runtime:2.9.0] AndroidManifest.xml:26:22-74
21
22    <permission
22-->[androidx.core:core:1.12.0] AndroidManifest.xml:22:5-24:47
23        android:name="com.sholattracker.app.DYNAMIC_RECEIVER_NOT_EXPORTED_PERMISSION"
23-->[androidx.core:core:1.12.0] AndroidManifest.xml:23:9-81
24        android:protectionLevel="signature" />
24-->[androidx.core:core:1.12.0] AndroidManifest.xml:24:9-44
25
26    <uses-permission android:name="com.sholattracker.app.DYNAMIC_RECEIVER_NOT_EXPORTED_PERMISSION" />
26-->[androidx.core:core:1.12.0] AndroidManifest.xml:26:5-97
26-->[androidx.core:core:1.12.0] AndroidManifest.xml:26:22-94
27
28    <application
28-->src\main\AndroidManifest.xml:11:5-79:19
29        android:allowBackup="true"
29-->src\main\AndroidManifest.xml:12:9-35
30        android:appComponentFactory="androidx.core.app.CoreComponentFactory"
30-->[androidx.core:core:1.12.0] AndroidManifest.xml:28:18-86
31        android:debuggable="true"
32        android:extractNativeLibs="false"
33        android:icon="@mipmap/ic_launcher"
33-->src\main\AndroidManifest.xml:13:9-43
34        android:label="@string/app_name"
34-->src\main\AndroidManifest.xml:14:9-41
35        android:supportsRtl="true"
35-->src\main\AndroidManifest.xml:15:9-35
36        android:testOnly="true"
37        android:theme="@style/Theme.SholatTracker" >
37-->src\main\AndroidManifest.xml:16:9-51
38        <activity
38-->src\main\AndroidManifest.xml:18:9-26:20
39            android:name="com.sholattracker.app.ui.MainActivity"
39-->src\main\AndroidManifest.xml:19:13-44
40            android:exported="true"
40-->src\main\AndroidManifest.xml:20:13-36
41            android:windowSoftInputMode="adjustResize" >
41-->src\main\AndroidManifest.xml:21:13-55
42            <intent-filter>
42-->src\main\AndroidManifest.xml:22:13-25:29
43                <action android:name="android.intent.action.MAIN" />
43-->src\main\AndroidManifest.xml:23:17-69
43-->src\main\AndroidManifest.xml:23:25-66
44
45                <category android:name="android.intent.category.LAUNCHER" />
45-->src\main\AndroidManifest.xml:24:17-77
45-->src\main\AndroidManifest.xml:24:27-74
46            </intent-filter>
47        </activity>
48        <activity
48-->src\main\AndroidManifest.xml:28:9-31:61
49            android:name="com.sholattracker.app.ui.HistoryActivity"
49-->src\main\AndroidManifest.xml:29:13-47
50            android:exported="false"
50-->src\main\AndroidManifest.xml:30:13-37
51            android:parentActivityName="com.sholattracker.app.ui.MainActivity" />
51-->src\main\AndroidManifest.xml:31:13-58
52        <activity
52-->src\main\AndroidManifest.xml:33:9-36:61
53            android:name="com.sholattracker.app.ui.NotificationSettingsActivity"
53-->src\main\AndroidManifest.xml:34:13-60
54            android:exported="false"
54-->src\main\AndroidManifest.xml:35:13-37
55            android:parentActivityName="com.sholattracker.app.ui.MainActivity" />
55-->src\main\AndroidManifest.xml:36:13-58
56
57        <receiver
57-->src\main\AndroidManifest.xml:38:9-45:20
58            android:name="com.sholattracker.app.notification.AlarmReceiver"
58-->src\main\AndroidManifest.xml:39:13-55
59            android:exported="true" >
59-->src\main\AndroidManifest.xml:40:13-36
60            <intent-filter>
60-->src\main\AndroidManifest.xml:41:13-44:29
61                <action android:name="android.intent.action.BOOT_COMPLETED" />
61-->src\main\AndroidManifest.xml:42:17-79
61-->src\main\AndroidManifest.xml:42:25-76
62                <action android:name="com.sholattracker.SHOLAT_ALARM" />
62-->src\main\AndroidManifest.xml:43:17-73
62-->src\main\AndroidManifest.xml:43:25-70
63            </intent-filter>
64        </receiver>
65        <receiver
65-->src\main\AndroidManifest.xml:47:9-57:20
66            android:name="com.sholattracker.app.widget.SholatWidget"
66-->src\main\AndroidManifest.xml:48:13-48
67            android:exported="true"
67-->src\main\AndroidManifest.xml:49:13-36
68            android:label="Sholat Tracker Widget" >
68-->src\main\AndroidManifest.xml:50:13-50
69            <intent-filter>
69-->src\main\AndroidManifest.xml:51:13-53:29
70                <action android:name="android.appwidget.action.APPWIDGET_UPDATE" />
70-->src\main\AndroidManifest.xml:52:17-84
70-->src\main\AndroidManifest.xml:52:25-81
71            </intent-filter>
72
73            <meta-data
73-->src\main\AndroidManifest.xml:54:13-56:55
74                android:name="android.appwidget.provider"
74-->src\main\AndroidManifest.xml:55:17-58
75                android:resource="@xml/widget_info" />
75-->src\main\AndroidManifest.xml:56:17-52
76        </receiver>
77        <receiver
77-->src\main\AndroidManifest.xml:59:9-67:20
78            android:name="com.sholattracker.app.widget.WidgetUpdateReceiver"
78-->src\main\AndroidManifest.xml:60:13-56
79            android:exported="false" >
79-->src\main\AndroidManifest.xml:61:13-37
80            <intent-filter>
80-->src\main\AndroidManifest.xml:62:13-66:29
81                <action android:name="com.sholattracker.UPDATE_WIDGET" />
81-->src\main\AndroidManifest.xml:63:17-74
81-->src\main\AndroidManifest.xml:63:25-71
82                <action android:name="android.intent.action.DATE_CHANGED" />
82-->src\main\AndroidManifest.xml:64:17-77
82-->src\main\AndroidManifest.xml:64:25-74
83                <action android:name="android.intent.action.TIME_SET" />
83-->src\main\AndroidManifest.xml:65:17-73
83-->src\main\AndroidManifest.xml:65:25-70
84            </intent-filter>
85        </receiver>
86
87        <provider
88            android:name="androidx.core.content.FileProvider"
88-->src\main\AndroidManifest.xml:70:13-62
89            android:authorities="com.sholattracker.app.provider"
89-->src\main\AndroidManifest.xml:71:13-60
90            android:exported="false"
90-->src\main\AndroidManifest.xml:72:13-37
91            android:grantUriPermissions="true" >
91-->src\main\AndroidManifest.xml:73:13-47
92            <meta-data
92-->src\main\AndroidManifest.xml:74:13-76:54
93                android:name="android.support.FILE_PROVIDER_PATHS"
93-->src\main\AndroidManifest.xml:75:17-67
94                android:resource="@xml/file_paths" />
94-->src\main\AndroidManifest.xml:76:17-51
95        </provider>
96        <provider
96-->[androidx.emoji2:emoji2:1.2.0] AndroidManifest.xml:24:9-32:20
97            android:name="androidx.startup.InitializationProvider"
97-->[androidx.emoji2:emoji2:1.2.0] AndroidManifest.xml:25:13-67
98            android:authorities="com.sholattracker.app.androidx-startup"
98-->[androidx.emoji2:emoji2:1.2.0] AndroidManifest.xml:26:13-68
99            android:exported="false" >
99-->[androidx.emoji2:emoji2:1.2.0] AndroidManifest.xml:27:13-37
100            <meta-data
100-->[androidx.emoji2:emoji2:1.2.0] AndroidManifest.xml:29:13-31:52
101                android:name="androidx.emoji2.text.EmojiCompatInitializer"
101-->[androidx.emoji2:emoji2:1.2.0] AndroidManifest.xml:30:17-75
102                android:value="androidx.startup" />
102-->[androidx.emoji2:emoji2:1.2.0] AndroidManifest.xml:31:17-49
103            <meta-data
103-->[androidx.work:work-runtime:2.9.0] AndroidManifest.xml:34:13-36:52
104                android:name="androidx.work.WorkManagerInitializer"
104-->[androidx.work:work-runtime:2.9.0] AndroidManifest.xml:35:17-68
105                android:value="androidx.startup" />
105-->[androidx.work:work-runtime:2.9.0] AndroidManifest.xml:36:17-49
106            <meta-data
106-->[androidx.lifecycle:lifecycle-process:2.6.1] AndroidManifest.xml:29:13-31:52
107                android:name="androidx.lifecycle.ProcessLifecycleInitializer"
107-->[androidx.lifecycle:lifecycle-process:2.6.1] AndroidManifest.xml:30:17-78
108                android:value="androidx.startup" />
108-->[androidx.lifecycle:lifecycle-process:2.6.1] AndroidManifest.xml:31:17-49
109            <meta-data
109-->[androidx.profileinstaller:profileinstaller:1.3.0] AndroidManifest.xml:29:13-31:52
110                android:name="androidx.profileinstaller.ProfileInstallerInitializer"
110-->[androidx.profileinstaller:profileinstaller:1.3.0] AndroidManifest.xml:30:17-85
111                android:value="androidx.startup" />
111-->[androidx.profileinstaller:profileinstaller:1.3.0] AndroidManifest.xml:31:17-49
112        </provider>
113
114        <service
114-->[androidx.work:work-runtime:2.9.0] AndroidManifest.xml:39:9-45:35
115            android:name="androidx.work.impl.background.systemalarm.SystemAlarmService"
115-->[androidx.work:work-runtime:2.9.0] AndroidManifest.xml:40:13-88
116            android:directBootAware="false"
116-->[androidx.work:work-runtime:2.9.0] AndroidManifest.xml:41:13-44
117            android:enabled="@bool/enable_system_alarm_service_default"
117-->[androidx.work:work-runtime:2.9.0] AndroidManifest.xml:42:13-72
118            android:exported="false" />
118-->[androidx.work:work-runtime:2.9.0] AndroidManifest.xml:43:13-37
119        <service
119-->[androidx.work:work-runtime:2.9.0] AndroidManifest.xml:46:9-52:35
120            android:name="androidx.work.impl.background.systemjob.SystemJobService"
120-->[androidx.work:work-runtime:2.9.0] AndroidManifest.xml:47:13-84
121            android:directBootAware="false"
121-->[androidx.work:work-runtime:2.9.0] AndroidManifest.xml:48:13-44
122            android:enabled="@bool/enable_system_job_service_default"
122-->[androidx.work:work-runtime:2.9.0] AndroidManifest.xml:49:13-70
123            android:exported="true"
123-->[androidx.work:work-runtime:2.9.0] AndroidManifest.xml:50:13-36
124            android:permission="android.permission.BIND_JOB_SERVICE" />
124-->[androidx.work:work-runtime:2.9.0] AndroidManifest.xml:51:13-69
125        <service
125-->[androidx.work:work-runtime:2.9.0] AndroidManifest.xml:53:9-59:35
126            android:name="androidx.work.impl.foreground.SystemForegroundService"
126-->[androidx.work:work-runtime:2.9.0] AndroidManifest.xml:54:13-81
127            android:directBootAware="false"
127-->[androidx.work:work-runtime:2.9.0] AndroidManifest.xml:55:13-44
128            android:enabled="@bool/enable_system_foreground_service_default"
128-->[androidx.work:work-runtime:2.9.0] AndroidManifest.xml:56:13-77
129            android:exported="false" />
129-->[androidx.work:work-runtime:2.9.0] AndroidManifest.xml:57:13-37
130
131        <receiver
131-->[androidx.work:work-runtime:2.9.0] AndroidManifest.xml:61:9-66:35
132            android:name="androidx.work.impl.utils.ForceStopRunnable$BroadcastReceiver"
132-->[androidx.work:work-runtime:2.9.0] AndroidManifest.xml:62:13-88
133            android:directBootAware="false"
133-->[androidx.work:work-runtime:2.9.0] AndroidManifest.xml:63:13-44
134            android:enabled="true"
134-->[androidx.work:work-runtime:2.9.0] AndroidManifest.xml:64:13-35
135            android:exported="false" />
135-->[androidx.work:work-runtime:2.9.0] AndroidManifest.xml:65:13-37
136        <receiver
136-->[androidx.work:work-runtime:2.9.0] AndroidManifest.xml:67:9-77:20
137            android:name="androidx.work.impl.background.systemalarm.ConstraintProxy$BatteryChargingProxy"
137-->[androidx.work:work-runtime:2.9.0] AndroidManifest.xml:68:13-106
138            android:directBootAware="false"
138-->[androidx.work:work-runtime:2.9.0] AndroidManifest.xml:69:13-44
139            android:enabled="false"
139-->[androidx.work:work-runtime:2.9.0] AndroidManifest.xml:70:13-36
140            android:exported="false" >
140-->[androidx.work:work-runtime:2.9.0] AndroidManifest.xml:71:13-37
141            <intent-filter>
141-->[androidx.work:work-runtime:2.9.0] AndroidManifest.xml:73:13-76:29
142                <action android:name="android.intent.action.ACTION_POWER_CONNECTED" />
142-->[androidx.work:work-runtime:2.9.0] AndroidManifest.xml:74:17-87
142-->[androidx.work:work-runtime:2.9.0] AndroidManifest.xml:74:25-84
143                <action android:name="android.intent.action.ACTION_POWER_DISCONNECTED" />
143-->[androidx.work:work-runtime:2.9.0] AndroidManifest.xml:75:17-90
143-->[androidx.work:work-runtime:2.9.0] AndroidManifest.xml:75:25-87
144            </intent-filter>
145        </receiver>
146        <receiver
146-->[androidx.work:work-runtime:2.9.0] AndroidManifest.xml:78:9-88:20
147            android:name="androidx.work.impl.background.systemalarm.ConstraintProxy$BatteryNotLowProxy"
147-->[androidx.work:work-runtime:2.9.0] AndroidManifest.xml:79:13-104
148            android:directBootAware="false"
148-->[androidx.work:work-runtime:2.9.0] AndroidManifest.xml:80:13-44
149            android:enabled="false"
149-->[androidx.work:work-runtime:2.9.0] AndroidManifest.xml:81:13-36
150            android:exported="false" >
150-->[androidx.work:work-runtime:2.9.0] AndroidManifest.xml:82:13-37
151            <intent-filter>
151-->[androidx.work:work-runtime:2.9.0] AndroidManifest.xml:84:13-87:29
152                <action android:name="android.intent.action.BATTERY_OKAY" />
152-->[androidx.work:work-runtime:2.9.0] AndroidManifest.xml:85:17-77
152-->[androidx.work:work-runtime:2.9.0] AndroidManifest.xml:85:25-74
153                <action android:name="android.intent.action.BATTERY_LOW" />
153-->[androidx.work:work-runtime:2.9.0] AndroidManifest.xml:86:17-76
153-->[androidx.work:work-runtime:2.9.0] AndroidManifest.xml:86:25-73
154            </intent-filter>
155        </receiver>
156        <receiver
156-->[androidx.work:work-runtime:2.9.0] AndroidManifest.xml:89:9-99:20
157            android:name="androidx.work.impl.background.systemalarm.ConstraintProxy$StorageNotLowProxy"
157-->[androidx.work:work-runtime:2.9.0] AndroidManifest.xml:90:13-104
158            android:directBootAware="false"
158-->[androidx.work:work-runtime:2.9.0] AndroidManifest.xml:91:13-44
159            android:enabled="false"
159-->[androidx.work:work-runtime:2.9.0] AndroidManifest.xml:92:13-36
160            android:exported="false" >
160-->[androidx.work:work-runtime:2.9.0] AndroidManifest.xml:93:13-37
161            <intent-filter>
161-->[androidx.work:work-runtime:2.9.0] AndroidManifest.xml:95:13-98:29
162                <action android:name="android.intent.action.DEVICE_STORAGE_LOW" />
162-->[androidx.work:work-runtime:2.9.0] AndroidManifest.xml:96:17-83
162-->[androidx.work:work-runtime:2.9.0] AndroidManifest.xml:96:25-80
163                <action android:name="android.intent.action.DEVICE_STORAGE_OK" />
163-->[androidx.work:work-runtime:2.9.0] AndroidManifest.xml:97:17-82
163-->[androidx.work:work-runtime:2.9.0] AndroidManifest.xml:97:25-79
164            </intent-filter>
165        </receiver>
166        <receiver
166-->[androidx.work:work-runtime:2.9.0] AndroidManifest.xml:100:9-109:20
167            android:name="androidx.work.impl.background.systemalarm.ConstraintProxy$NetworkStateProxy"
167-->[androidx.work:work-runtime:2.9.0] AndroidManifest.xml:101:13-103
168            android:directBootAware="false"
168-->[androidx.work:work-runtime:2.9.0] AndroidManifest.xml:102:13-44
169            android:enabled="false"
169-->[androidx.work:work-runtime:2.9.0] AndroidManifest.xml:103:13-36
170            android:exported="false" >
170-->[androidx.work:work-runtime:2.9.0] AndroidManifest.xml:104:13-37
171            <intent-filter>
171-->[androidx.work:work-runtime:2.9.0] AndroidManifest.xml:106:13-108:29
172                <action android:name="android.net.conn.CONNECTIVITY_CHANGE" />
172-->[androidx.work:work-runtime:2.9.0] AndroidManifest.xml:107:17-79
172-->[androidx.work:work-runtime:2.9.0] AndroidManifest.xml:107:25-76
173            </intent-filter>
174        </receiver>
175        <receiver
175-->[androidx.work:work-runtime:2.9.0] AndroidManifest.xml:110:9-121:20
176            android:name="androidx.work.impl.background.systemalarm.RescheduleReceiver"
176-->[androidx.work:work-runtime:2.9.0] AndroidManifest.xml:111:13-88
177            android:directBootAware="false"
177-->[androidx.work:work-runtime:2.9.0] AndroidManifest.xml:112:13-44
178            android:enabled="false"
178-->[androidx.work:work-runtime:2.9.0] AndroidManifest.xml:113:13-36
179            android:exported="false" >
179-->[androidx.work:work-runtime:2.9.0] AndroidManifest.xml:114:13-37
180            <intent-filter>
180-->[androidx.work:work-runtime:2.9.0] AndroidManifest.xml:116:13-120:29
181                <action android:name="android.intent.action.BOOT_COMPLETED" />
181-->src\main\AndroidManifest.xml:42:17-79
181-->src\main\AndroidManifest.xml:42:25-76
182                <action android:name="android.intent.action.TIME_SET" />
182-->src\main\AndroidManifest.xml:65:17-73
182-->src\main\AndroidManifest.xml:65:25-70
183                <action android:name="android.intent.action.TIMEZONE_CHANGED" />
183-->[androidx.work:work-runtime:2.9.0] AndroidManifest.xml:119:17-81
183-->[androidx.work:work-runtime:2.9.0] AndroidManifest.xml:119:25-78
184            </intent-filter>
185        </receiver>
186        <receiver
186-->[androidx.work:work-runtime:2.9.0] AndroidManifest.xml:122:9-131:20
187            android:name="androidx.work.impl.background.systemalarm.ConstraintProxyUpdateReceiver"
187-->[androidx.work:work-runtime:2.9.0] AndroidManifest.xml:123:13-99
188            android:directBootAware="false"
188-->[androidx.work:work-runtime:2.9.0] AndroidManifest.xml:124:13-44
189            android:enabled="@bool/enable_system_alarm_service_default"
189-->[androidx.work:work-runtime:2.9.0] AndroidManifest.xml:125:13-72
190            android:exported="false" >
190-->[androidx.work:work-runtime:2.9.0] AndroidManifest.xml:126:13-37
191            <intent-filter>
191-->[androidx.work:work-runtime:2.9.0] AndroidManifest.xml:128:13-130:29
192                <action android:name="androidx.work.impl.background.systemalarm.UpdateProxies" />
192-->[androidx.work:work-runtime:2.9.0] AndroidManifest.xml:129:17-98
192-->[androidx.work:work-runtime:2.9.0] AndroidManifest.xml:129:25-95
193            </intent-filter>
194        </receiver>
195        <receiver
195-->[androidx.work:work-runtime:2.9.0] AndroidManifest.xml:132:9-142:20
196            android:name="androidx.work.impl.diagnostics.DiagnosticsReceiver"
196-->[androidx.work:work-runtime:2.9.0] AndroidManifest.xml:133:13-78
197            android:directBootAware="false"
197-->[androidx.work:work-runtime:2.9.0] AndroidManifest.xml:134:13-44
198            android:enabled="true"
198-->[androidx.work:work-runtime:2.9.0] AndroidManifest.xml:135:13-35
199            android:exported="true"
199-->[androidx.work:work-runtime:2.9.0] AndroidManifest.xml:136:13-36
200            android:permission="android.permission.DUMP" >
200-->[androidx.work:work-runtime:2.9.0] AndroidManifest.xml:137:13-57
201            <intent-filter>
201-->[androidx.work:work-runtime:2.9.0] AndroidManifest.xml:139:13-141:29
202                <action android:name="androidx.work.diagnostics.REQUEST_DIAGNOSTICS" />
202-->[androidx.work:work-runtime:2.9.0] AndroidManifest.xml:140:17-88
202-->[androidx.work:work-runtime:2.9.0] AndroidManifest.xml:140:25-85
203            </intent-filter>
204        </receiver>
205
206        <service
206-->[androidx.room:room-runtime:2.5.0] AndroidManifest.xml:24:9-28:63
207            android:name="androidx.room.MultiInstanceInvalidationService"
207-->[androidx.room:room-runtime:2.5.0] AndroidManifest.xml:25:13-74
208            android:directBootAware="true"
208-->[androidx.room:room-runtime:2.5.0] AndroidManifest.xml:26:13-43
209            android:exported="false" />
209-->[androidx.room:room-runtime:2.5.0] AndroidManifest.xml:27:13-37
210
211        <receiver
211-->[androidx.profileinstaller:profileinstaller:1.3.0] AndroidManifest.xml:34:9-52:20
212            android:name="androidx.profileinstaller.ProfileInstallReceiver"
212-->[androidx.profileinstaller:profileinstaller:1.3.0] AndroidManifest.xml:35:13-76
213            android:directBootAware="false"
213-->[androidx.profileinstaller:profileinstaller:1.3.0] AndroidManifest.xml:36:13-44
214            android:enabled="true"
214-->[androidx.profileinstaller:profileinstaller:1.3.0] AndroidManifest.xml:37:13-35
215            android:exported="true"
215-->[androidx.profileinstaller:profileinstaller:1.3.0] AndroidManifest.xml:38:13-36
216            android:permission="android.permission.DUMP" >
216-->[androidx.profileinstaller:profileinstaller:1.3.0] AndroidManifest.xml:39:13-57
217            <intent-filter>
217-->[androidx.profileinstaller:profileinstaller:1.3.0] AndroidManifest.xml:40:13-42:29
218                <action android:name="androidx.profileinstaller.action.INSTALL_PROFILE" />
218-->[androidx.profileinstaller:profileinstaller:1.3.0] AndroidManifest.xml:41:17-91
218-->[androidx.profileinstaller:profileinstaller:1.3.0] AndroidManifest.xml:41:25-88
219            </intent-filter>
220            <intent-filter>
220-->[androidx.profileinstaller:profileinstaller:1.3.0] AndroidManifest.xml:43:13-45:29
221                <action android:name="androidx.profileinstaller.action.SKIP_FILE" />
221-->[androidx.profileinstaller:profileinstaller:1.3.0] AndroidManifest.xml:44:17-85
221-->[androidx.profileinstaller:profileinstaller:1.3.0] AndroidManifest.xml:44:25-82
222            </intent-filter>
223            <intent-filter>
223-->[androidx.profileinstaller:profileinstaller:1.3.0] AndroidManifest.xml:46:13-48:29
224                <action android:name="androidx.profileinstaller.action.SAVE_PROFILE" />
224-->[androidx.profileinstaller:profileinstaller:1.3.0] AndroidManifest.xml:47:17-88
224-->[androidx.profileinstaller:profileinstaller:1.3.0] AndroidManifest.xml:47:25-85
225            </intent-filter>
226            <intent-filter>
226-->[androidx.profileinstaller:profileinstaller:1.3.0] AndroidManifest.xml:49:13-51:29
227                <action android:name="androidx.profileinstaller.action.BENCHMARK_OPERATION" />
227-->[androidx.profileinstaller:profileinstaller:1.3.0] AndroidManifest.xml:50:17-95
227-->[androidx.profileinstaller:profileinstaller:1.3.0] AndroidManifest.xml:50:25-92
228            </intent-filter>
229        </receiver>
230    </application>
231
232</manifest>